# JRE version: Java(TM) SE Runtime Environment (8.0_201-b09) (build 1.8.0_201-b09)
# Java VM: Java HotSpot(TM) 64-Bit Server VM (25.201-b09 mixed mode linux-amd64 compressed oops)
Heap:
 PSYoungGen      total 191488K, used 104282K [0x00000000f0000000, 0x0000000100000000, 0x0000000100000000)
  eden space 122368K, 85% used [0x00000000f0000000,0x00000000f65d68a8,0x00000000f7780000)
  from space 69120K, 0% used [0x00000000f7780000,0x00000000f7780000,0x00000000fbb00000)
  to   space 69632K, 0% used [0x00000000fbc00000,0x00000000fbc00000,0x0000000100000000)
 ParOldGen       total 524288K, used 524240K [0x00000000d0000000, 0x00000000f0000000, 0x00000000f0000000)
  object space 524288K, 99% used [0x00000000d0000000,0x00000000efff4358,0x00000000f0000000)
 Metaspace       used 195699K, capacity 197618K, committed 199808K, reserved 1234944K
  class space    used 13686K, capacity 14094K, committed 14976K, reserved 1048576K
GC Heap History (10 events):
Event: 1902,418 GC heap before
{Heap before GC invocations=407 (full 336):
 PSYoungGen      total 191488K, used 122368K [0x00000000f0000000, 0x0000000100000000, 0x0000000100000000)
  eden space 122368K, 100% used [0x00000000f0000000,0x00000000f7780000,0x00000000f7780000)
  from space 69120K, 0% used [0x00000000f7780000,0x00000000f7780000,0x00000000fbb00000)
  to   space 69632K, 0% used [0x00000000fbc00000,0x00000000fbc00000,0x0000000100000000)
 ParOldGen       total 524288K, used 524265K [0x00000000d0000000, 0x00000000f0000000, 0x00000000f0000000)
  object space 524288K, 99% used [0x00000000d0000000,0x00000000efffa7c0,0x00000000f0000000)
 Metaspace       used 195696K, capacity 197612K, committed 199808K, reserved 1234944K
  class space    used 13686K, capacity 14093K, committed 14976K, reserved 1048576K
Event: 1903,546 GC heap after
Heap after GC invocations=407 (full 336):
 PSYoungGen      total 191488K, used 71407K [0x00000000f0000000, 0x0000000100000000, 0x0000000100000000)
  eden space 122368K, 58% used [0x00000000f0000000,0x00000000f45bbfa0,0x00000000f7780000)
  from space 69120K, 0% used [0x00000000f7780000,0x00000000f7780000,0x00000000fbb00000)
  to   space 69632K, 0% used [0x00000000fbc00000,0x00000000fbc00000,0x0000000100000000)
 ParOldGen       total 524288K, used 524261K [0x00000000d0000000, 0x00000000f0000000, 0x00000000f0000000)
  object space 524288K, 99% used [0x00000000d0000000,0x00000000efff9410,0x00000000f0000000)
 Metaspace       used 195696K, capacity 197612K, committed 199808K, reserved 1234944K
  class space    used 13686K, capacity 14093K, committed 14976K, reserved 1048576K
}
Event: 1903,761 GC heap before
{Heap before GC invocations=408 (full 337):
 PSYoungGen      total 191488K, used 122368K [0x00000000f0000000, 0x0000000100000000, 0x0000000100000000)
  eden space 122368K, 100% used [0x00000000f0000000,0x00000000f7780000,0x00000000f7780000)
  from space 69120K, 0% used [0x00000000f7780000,0x00000000f7780000,0x00000000fbb00000)
  to   space 69632K, 0% used [0x00000000fbc00000,0x00000000fbc00000,0x0000000100000000)
 ParOldGen       total 524288K, used 524261K [0x00000000d0000000, 0x00000000f0000000, 0x00000000f0000000)
  object space 524288K, 99% used [0x00000000d0000000,0x00000000efff9410,0x00000000f0000000)
 Metaspace       used 195696K, capacity 197612K, committed 199808K, reserved 1234944K
  class space    used 13686K, capacity 14093K, committed 14976K, reserved 1048576K
Event: 1904,734 GC heap after
Heap after GC invocations=408 (full 337):
 PSYoungGen      total 191488K, used 71437K [0x00000000f0000000, 0x0000000100000000, 0x0000000100000000)
  eden space 122368K, 58% used [0x00000000f0000000,0x00000000f45c3498,0x00000000f7780000)
  from space 69120K, 0% used [0x00000000f7780000,0x00000000f7780000,0x00000000fbb00000)
  to   space 69632K, 0% used [0x00000000fbc00000,0x00000000fbc00000,0x0000000100000000)
 ParOldGen       total 524288K, used 524256K [0x00000000d0000000, 0x00000000f0000000, 0x00000000f0000000)
  object space 524288K, 99% used [0x00000000d0000000,0x00000000efff8290,0x00000000f0000000)
 Metaspace       used 195696K, capacity 197612K, committed 199808K, reserved 1234944K
  class space    used 13686K, capacity 14093K, committed 14976K, reserved 1048576K
}
Event: 1904,924 GC heap before
{Heap before GC invocations=409 (full 338):
 PSYoungGen      total 191488K, used 122368K [0x00000000f0000000, 0x0000000100000000, 0x0000000100000000)
  eden space 122368K, 100% used [0x00000000f0000000,0x00000000f7780000,0x00000000f7780000)
  from space 69120K, 0% used [0x00000000f7780000,0x00000000f7780000,0x00000000fbb00000)
  to   space 69632K, 0% used [0x00000000fbc00000,0x00000000fbc00000,0x0000000100000000)
 ParOldGen       total 524288K, used 524256K [0x00000000d0000000, 0x00000000f0000000, 0x00000000f0000000)
  object space 524288K, 99% used [0x00000000d0000000,0x00000000efff8290,0x00000000f0000000)
 Metaspace       used 195698K, capacity 197618K, committed 199808K, reserved 1234944K
  class space    used 13686K, capacity 14094K, committed 14976K, reserved 1048576K
Event: 1905,933 GC heap after
Heap after GC invocations=409 (full 338):
 PSYoungGen      total 191488K, used 71576K [0x00000000f0000000, 0x0000000100000000, 0x0000000100000000)
  eden space 122368K, 58% used [0x00000000f0000000,0x00000000f45e6048,0x00000000f7780000)
  from space 69120K, 0% used [0x00000000f7780000,0x00000000f7780000,0x00000000fbb00000)
  to   space 69632K, 0% used [0x00000000fbc00000,0x00000000fbc00000,0x0000000100000000)
 ParOldGen       total 524288K, used 524252K [0x00000000d0000000, 0x00000000f0000000, 0x00000000f0000000)
  object space 524288K, 99% used [0x00000000d0000000,0x00000000efff72d8,0x00000000f0000000)
 Metaspace       used 195698K, capacity 197618K, committed 199808K, reserved 1234944K
  class space    used 13686K, capacity 14094K, committed 14976K, reserved 1048576K
}
Event: 1906,146 GC heap before
{Heap before GC invocations=410 (full 339):
 PSYoungGen      total 191488K, used 122368K [0x00000000f0000000, 0x0000000100000000, 0x0000000100000000)
  eden space 122368K, 100% used [0x00000000f0000000,0x00000000f7780000,0x00000000f7780000)
  from space 69120K, 0% used [0x00000000f7780000,0x00000000f7780000,0x00000000fbb00000)
  to   space 69632K, 0% used [0x00000000fbc00000,0x00000000fbc00000,0x0000000100000000)
 ParOldGen       total 524288K, used 524252K [0x00000000d0000000, 0x00000000f0000000, 0x00000000f0000000)
  object space 524288K, 99% used [0x00000000d0000000,0x00000000efff72d8,0x00000000f0000000)
 Metaspace       used 195698K, capacity 197618K, committed 199808K, reserved 1234944K
  class space    used 13686K, capacity 14094K, committed 14976K, reserved 1048576K
Event: 1907,005 GC heap after
Heap after GC invocations=410 (full 339):
 PSYoungGen      total 191488K, used 71625K [0x00000000f0000000, 0x0000000100000000, 0x0000000100000000)
  eden space 122368K, 58% used [0x00000000f0000000,0x00000000f45f2728,0x00000000f7780000)
  from space 69120K, 0% used [0x00000000f7780000,0x00000000f7780000,0x00000000fbb00000)
  to   space 69632K, 0% used [0x00000000fbc00000,0x00000000fbc00000,0x0000000100000000)
 ParOldGen       total 524288K, used 524246K [0x00000000d0000000, 0x00000000f0000000, 0x00000000f0000000)
  object space 524288K, 99% used [0x00000000d0000000,0x00000000efff59b0,0x00000000f0000000)
 Metaspace       used 195698K, capacity 197618K, committed 199808K, reserved 1234944K
  class space    used 13686K, capacity 14094K, committed 14976K, reserved 1048576K
}
Event: 1907,215 GC heap before
{Heap before GC invocations=411 (full 340):
 PSYoungGen      total 191488K, used 122368K [0x00000000f0000000, 0x0000000100000000, 0x0000000100000000)
  eden space 122368K, 100% used [0x00000000f0000000,0x00000000f7780000,0x00000000f7780000)
  from space 69120K, 0% used [0x00000000f7780000,0x00000000f7780000,0x00000000fbb00000)
  to   space 69632K, 0% used [0x00000000fbc00000,0x00000000fbc00000,0x0000000100000000)
 ParOldGen       total 524288K, used 524246K [0x00000000d0000000, 0x00000000f0000000, 0x00000000f0000000)
  object space 524288K, 99% used [0x00000000d0000000,0x00000000efff59b0,0x00000000f0000000)
 Metaspace       used 195699K, capacity 197618K, committed 199808K, reserved 1234944K
  class space    used 13686K, capacity 14094K, committed 14976K, reserved 1048576K
Event: 1908,081 GC heap after
Heap after GC invocations=411 (full 340):
 PSYoungGen      total 191488K, used 71827K [0x00000000f0000000, 0x0000000100000000, 0x0000000100000000)
  eden space 122368K, 58% used [0x00000000f0000000,0x00000000f4624d08,0x00000000f7780000)
  from space 69120K, 0% used [0x00000000f7780000,0x00000000f7780000,0x00000000fbb00000)
  to   space 69632K, 0% used [0x00000000fbc00000,0x00000000fbc00000,0x0000000100000000)
 ParOldGen       total 524288K, used 524240K [0x00000000d0000000, 0x00000000f0000000, 0x00000000f0000000)
  object space 524288K, 99% used [0x00000000d0000000,0x00000000efff4358,0x00000000f0000000)
 Metaspace       used 195699K, capacity 197618K, committed 199808K, reserved 1234944K
  class space    used 13686K, capacity 14094K, committed 14976K, reserved 1048576K
}

